2026-01-15T00:03:55.370+01:00  INFO 11964 --- [payment-service] [AsyncResolver-bootstrap-executor-%d] c.n.d.s.r.aws.ConfigClusterResolver      : Resolving eureka endpoints via configuration
2026-01-15T00:08:55.412+01:00  INFO 11964 --- [payment-service] [AsyncResolver-bootstrap-executor-%d] c.n.d.s.r.aws.ConfigClusterResolver      : Resolving eureka endpoints via configuration
2026-01-15T00:13:55.416+01:00  INFO 11964 --- [payment-service] [AsyncResolver-bootstrap-executor-%d] c.n.d.s.r.aws.ConfigClusterResolver      : Resolving eureka endpoints via configuration
2026-01-15T00:18:55.419+01:00  INFO 11964 --- [payment-service] [AsyncResolver-bootstrap-executor-%d] c.n.d.s.r.aws.ConfigClusterResolver      : Resolving eureka endpoints via configuration
2026-01-15T00:23:55.424+01:00  INFO 11964 --- [payment-service] [AsyncResolver-bootstrap-executor-%d] c.n.d.s.r.aws.ConfigClusterResolver      : Resolving eureka endpoints via configuration
2026-01-15T00:28:55.426+01:00  INFO 11964 --- [payment-service] [AsyncResolver-bootstrap-executor-%d] c.n.d.s.r.aws.ConfigClusterResolver      : Resolving eureka endpoints via configuration
2026-01-15T00:33:55.427+01:00  INFO 11964 --- [payment-service] [AsyncResolver-bootstrap-executor-%d] c.n.d.s.r.aws.ConfigClusterResolver      : Resolving eureka endpoints via configuration
2026-01-15T00:38:55.432+01:00  INFO 11964 --- [payment-service] [AsyncResolver-bootstrap-executor-%d] c.n.d.s.r.aws.ConfigClusterResolver      : Resolving eureka endpoints via configuration
2026-01-15T00:43:55.434+01:00  INFO 11964 --- [payment-service] [AsyncResolver-bootstrap-executor-%d] c.n.d.s.r.aws.ConfigClusterResolver      : Resolving eureka endpoints via configuration
2026-01-15T00:48:55.436+01:00  INFO 11964 --- [payment-service] [AsyncResolver-bootstrap-executor-%d] c.n.d.s.r.aws.ConfigClusterResolver      : Resolving eureka endpoints via configuration
2026-01-15T00:53:55.442+01:00  INFO 11964 --- [payment-service] [AsyncResolver-bootstrap-executor-%d] c.n.d.s.r.aws.ConfigClusterResolver      : Resolving eureka endpoints via configuration
2026-01-15T00:58:55.444+01:00  INFO 11964 --- [payment-service] [AsyncResolver-bootstrap-executor-%d] c.n.d.s.r.aws.ConfigClusterResolver      : Resolving eureka endpoints via configuration
2026-01-15T01:03:55.448+01:00  INFO 11964 --- [payment-service] [AsyncResolver-bootstrap-executor-%d] c.n.d.s.r.aws.ConfigClusterResolver      : Resolving eureka endpoints via configuration
2026-01-15T01:08:55.453+01:00  INFO 11964 --- [payment-service] [AsyncResolver-bootstrap-executor-%d] c.n.d.s.r.aws.ConfigClusterResolver      : Resolving eureka endpoints via configuration
2026-01-15T01:13:55.454+01:00  INFO 11964 --- [payment-service] [AsyncResolver-bootstrap-executor-%d] c.n.d.s.r.aws.ConfigClusterResolver      : Resolving eureka endpoints via configuration
2026-01-15T01:18:55.455+01:00  INFO 11964 --- [payment-service] [AsyncResolver-bootstrap-executor-%d] c.n.d.s.r.aws.ConfigClusterResolver      : Resolving eureka endpoints via configuration
2026-01-15T01:23:55.460+01:00  INFO 11964 --- [payment-service] [AsyncResolver-bootstrap-executor-%d] c.n.d.s.r.aws.ConfigClusterResolver      : Resolving eureka endpoints via configuration
2026-01-15T01:28:55.462+01:00  INFO 11964 --- [payment-service] [AsyncResolver-bootstrap-executor-%d] c.n.d.s.r.aws.ConfigClusterResolver      : Resolving eureka endpoints via configuration
2026-01-15T01:33:55.464+01:00  INFO 11964 --- [payment-service] [AsyncResolver-bootstrap-executor-%d] c.n.d.s.r.aws.ConfigClusterResolver      : Resolving eureka endpoints via configuration
2026-01-15T01:38:55.478+01:00  INFO 11964 --- [payment-service] [AsyncResolver-bootstrap-executor-%d] c.n.d.s.r.aws.ConfigClusterResolver      : Resolving eureka endpoints via configuration
2026-01-15T01:43:55.489+01:00  INFO 11964 --- [payment-service] [AsyncResolver-bootstrap-executor-%d] c.n.d.s.r.aws.ConfigClusterResolver      : Resolving eureka endpoints via configuration
2026-01-15T01:48:55.490+01:00  INFO 11964 --- [payment-service] [AsyncResolver-bootstrap-executor-%d] c.n.d.s.r.aws.ConfigClusterResolver      : Resolving eureka endpoints via configuration
2026-01-15T01:53:55.502+01:00  INFO 11964 --- [payment-service] [AsyncResolver-bootstrap-executor-%d] c.n.d.s.r.aws.ConfigClusterResolver      : Resolving eureka endpoints via configuration
2026-01-15T01:55:24.677+01:00  WARN 11964 --- [payment-service] [HikariPool-1:housekeeper] com.zaxxer.hikari.pool.PoolBase          : HikariPool-1 - Failed to validate connection com.mysql.cj.jdbc.ConnectionImpl@1afc9250 (No operations allowed after connection closed.). Possibly consider using a shorter maxLifetime value.
2026-01-15T01:55:37.847+01:00  WARN 11964 --- [payment-service] [HikariPool-1:housekeeper] com.zaxxer.hikari.pool.PoolBase          : HikariPool-1 - Failed to validate connection com.mysql.cj.jdbc.ConnectionImpl@19e93836 (No operations allowed after connection closed.). Possibly consider using a shorter maxLifetime value.
2026-01-15T01:55:44.776+01:00  INFO 11964 --- [payment-service] [SpringApplicationShutdownHook] o.s.c.n.e.s.EurekaServiceRegistry        : Unregistering application PAYMENT-SERVICE with eureka with status DOWN
2026-01-15T01:55:44.781+01:00  INFO 11964 --- [payment-service] [SpringApplicationShutdownHook] com.netflix.discovery.DiscoveryClient    : Saw local status change event StatusChangeEvent [timestamp=1768438544781, current=DOWN, previous=UP]
2026-01-15T01:55:44.782+01:00  INFO 11964 --- [payment-service] [DiscoveryClient-InstanceInfoReplicator-%d] com.netflix.discovery.DiscoveryClient    : DiscoveryClient_PAYMENT-SERVICE/payment-service:8084: registering service...
2026-01-15T01:55:45.023+01:00  INFO 11964 --- [payment-service] [DiscoveryClient-InstanceInfoReplicator-%d] com.netflix.discovery.DiscoveryClient    : DiscoveryClient_PAYMENT-SERVICE/payment-service:8084 - registration status: 204
2026-01-15T01:55:46.826+01:00  INFO 11964 --- [payment-service] [org.springframework.amqp.rabbit.RabbitListenerEndpointContainer#0-2] o.s.a.r.l.SimpleMessageListenerContainer : Waiting for workers to finish.
2026-01-15T01:55:46.830+01:00  INFO 11964 --- [payment-service] [org.springframework.amqp.rabbit.RabbitListenerEndpointContainer#0-2] o.s.a.r.l.SimpleMessageListenerContainer : Successfully waited for workers to finish.
2026-01-15T01:55:46.845+01:00  INFO 11964 --- [payment-service] [org.springframework.amqp.rabbit.RabbitListenerEndpointContainer#1-2] o.s.a.r.l.SimpleMessageListenerContainer : Waiting for workers to finish.
2026-01-15T01:55:46.925+01:00  INFO 11964 --- [payment-service] [org.springframework.amqp.rabbit.RabbitListenerEndpointContainer#1-2] o.s.a.r.l.SimpleMessageListenerContainer : Successfully waited for workers to finish.
2026-01-15T01:55:47.199+01:00  INFO 11964 --- [payment-service] [SpringApplicationShutdownHook] o.s.b.w.e.tomcat.GracefulShutdown        : Commencing graceful shutdown. Waiting for active requests to complete
2026-01-15T01:55:47.670+01:00  INFO 11964 --- [payment-service] [tomcat-shutdown] o.s.b.w.e.tomcat.GracefulShutdown        : Graceful shutdown complete
2026-01-15T01:55:48.936+01:00  INFO 11964 --- [payment-service] [SpringApplicationShutdownHook] j.LocalContainerEntityManagerFactoryBean : Closing JPA EntityManagerFactory for persistence unit 'default'
2026-01-15T01:55:49.861+01:00  INFO 11964 --- [payment-service] [SpringApplicationShutdownHook] com.zaxxer.hikari.HikariDataSource       : HikariPool-1 - Shutdown initiated...
2026-01-15T01:55:50.187+01:00  INFO 11964 --- [payment-service] [SpringApplicationShutdownHook] com.zaxxer.hikari.HikariDataSource       : HikariPool-1 - Shutdown completed.
2026-01-15T01:55:50.205+01:00  INFO 11964 --- [payment-service] [SpringApplicationShutdownHook] com.netflix.discovery.DiscoveryClient    : Shutting down DiscoveryClient ...
2026-01-15T01:55:53.207+01:00  INFO 11964 --- [payment-service] [SpringApplicationShutdownHook] com.netflix.discovery.DiscoveryClient    : Unregistering ...
2026-01-15T01:55:53.346+01:00  INFO 11964 --- [payment-service] [SpringApplicationShutdownHook] com.netflix.discovery.DiscoveryClient    : DiscoveryClient_PAYMENT-SERVICE/payment-service:8084 - deregister  status: 200
2026-01-15T01:55:53.347+01:00  INFO 11964 --- [payment-service] [SpringApplicationShutdownHook] com.netflix.discovery.DiscoveryClient    : Completed shut down of DiscoveryClient
